<?xml version="1.0" encoding="UTF-8"?>
<!-- Generated by org.testng.reporters.JUnitReportReporter -->
<testsuite skipped="0" hostname="DESKTOP-6S650UI" name="login.TestNgParallel" tests="3" failures="0" timestamp="03 Dec 2022 15:11:25 GMT" time="22.481" errors="0">
  <testcase name="CheckingOutMoreThanOneProduct" time="10.156" classname="login.TestNgParallel"/>
  <testcase name="CheckingOutOneProduct" time="5.723" classname="login.TestNgParallel"/>
  <testcase name="EditingCartBeforeCheckOut" time="6.602" classname="login.TestNgParallel"/>
</testsuite> <!-- login.TestNgParallel -->
